2022-08-04 04:55:35.598  INFO 6484 --- [main] com.User.CrudApiApplication              : Starting CrudApiApplication using Java 17.0.1 on KAPR-HYD-00 with PID 6484 (C:\Users\kamal.prasad\Desktop\CrudApi\target\classes started by kamal.prasad in C:\Users\kamal.prasad\Desktop\CrudApi)
2022-08-04 04:55:35.609  INFO 6484 --- [main] com.User.CrudApiApplication              : No active profile set, falling back to 1 default profile: "default"
2022-08-04 04:55:36.925  INFO 6484 --- [main] .s.d.r.c.RepositoryConfigurationDelegate : Bootstrapping Spring Data JPA repositories in DEFAULT mode.
2022-08-04 04:55:37.014  INFO 6484 --- [main] .s.d.r.c.RepositoryConfigurationDelegate : Finished Spring Data repository scanning in 78 ms. Found 1 JPA repository interfaces.
2022-08-04 04:55:38.197  INFO 6484 --- [main] o.s.b.w.embedded.tomcat.TomcatWebServer  : Tomcat initialized with port(s): 9090 (http)
2022-08-04 04:55:38.224  INFO 6484 --- [main] o.apache.catalina.core.StandardService   : Starting service [Tomcat]
2022-08-04 04:55:38.225  INFO 6484 --- [main] org.apache.catalina.core.StandardEngine  : Starting Servlet engine: [Apache Tomcat/9.0.65]
2022-08-04 04:55:38.738  INFO 6484 --- [main] o.a.c.c.C.[Tomcat].[localhost].[/]       : Initializing Spring embedded WebApplicationContext
2022-08-04 04:55:38.739  INFO 6484 --- [main] w.s.c.ServletWebServerApplicationContext : Root WebApplicationContext: initialization completed in 3034 ms
2022-08-04 04:55:39.164  INFO 6484 --- [main] o.hibernate.jpa.internal.util.LogHelper  : HHH000204: Processing PersistenceUnitInfo [name: default]
2022-08-04 04:55:39.241  INFO 6484 --- [main] org.hibernate.Version                    : HHH000412: Hibernate ORM core version 5.6.10.Final
2022-08-04 04:55:39.459  INFO 6484 --- [main] o.hibernate.annotations.common.Version   : HCANN000001: Hibernate Commons Annotations {5.1.2.Final}
2022-08-04 04:55:39.582  INFO 6484 --- [main] com.zaxxer.hikari.HikariDataSource       : HikariPool-1 - Starting...
2022-08-04 04:55:40.120  INFO 6484 --- [main] com.zaxxer.hikari.HikariDataSource       : HikariPool-1 - Start completed.
2022-08-04 04:55:40.183  INFO 6484 --- [main] org.hibernate.dialect.Dialect            : HHH000400: Using dialect: org.hibernate.dialect.MySQL8Dialect
2022-08-04 04:55:41.437  INFO 6484 --- [main] o.h.e.t.j.p.i.JtaPlatformInitiator       : HHH000490: Using JtaPlatform implementation: [org.hibernate.engine.transaction.jta.platform.internal.NoJtaPlatform]
2022-08-04 04:55:41.460  INFO 6484 --- [main] j.LocalContainerEntityManagerFactoryBean : Initialized JPA EntityManagerFactory for persistence unit 'default'
2022-08-04 04:55:42.232  WARN 6484 --- [main] JpaBaseConfiguration$JpaWebConfiguration : spring.jpa.open-in-view is enabled by default. Therefore, database queries may be performed during view rendering. Explicitly configure spring.jpa.open-in-view to disable this warning
2022-08-04 04:55:42.483  INFO 6484 --- [main] pertySourcedRequestMappingHandlerMapping : Mapped URL path [/v2/api-docs] onto method [springfox.documentation.swagger2.web.Swagger2Controller#getDocumentation(String, HttpServletRequest)]
2022-08-04 04:55:43.803  INFO 6484 --- [main] o.s.b.w.embedded.tomcat.TomcatWebServer  : Tomcat started on port(s): 9090 (http) with context path ''
2022-08-04 04:55:43.804  INFO 6484 --- [main] d.s.w.p.DocumentationPluginsBootstrapper : Context refreshed
2022-08-04 04:55:43.853  INFO 6484 --- [main] d.s.w.p.DocumentationPluginsBootstrapper : Found 1 custom documentation plugin(s)
2022-08-04 04:55:43.914  INFO 6484 --- [main] s.d.s.w.s.ApiListingReferenceScanner     : Scanning for api listing references
2022-08-04 04:55:44.363  INFO 6484 --- [main] .d.s.w.r.o.CachingOperationNameGenerator : Generating unique operation named: openapiJsonUsingGET_1
2022-08-04 04:55:44.493  INFO 6484 --- [main] com.User.CrudApiApplication              : Started CrudApiApplication in 9.406 seconds (JVM running for 19.771)
2022-08-04 04:56:42.223  INFO 6484 --- [RMI TCP Connection(10)-127.0.0.1] inMXBeanRegistrar$SpringApplicationAdmin : Application shutdown requested.
2022-08-04 04:56:42.295  INFO 6484 --- [RMI TCP Connection(10)-127.0.0.1] j.LocalContainerEntityManagerFactoryBean : Closing JPA EntityManagerFactory for persistence unit 'default'
2022-08-04 04:56:42.300  INFO 6484 --- [RMI TCP Connection(10)-127.0.0.1] com.zaxxer.hikari.HikariDataSource       : HikariPool-1 - Shutdown initiated...
2022-08-04 04:56:42.327  INFO 6484 --- [RMI TCP Connection(10)-127.0.0.1] com.zaxxer.hikari.HikariDataSource       : HikariPool-1 - Shutdown completed.
2022-08-04 04:57:04.843  INFO 21424 --- [main] com.User.CrudApiApplication              : Starting CrudApiApplication using Java 17.0.1 on KAPR-HYD-00 with PID 21424 (C:\Users\kamal.prasad\Desktop\CrudApi\target\classes started by kamal.prasad in C:\Users\kamal.prasad\Desktop\CrudApi)
2022-08-04 04:57:04.845  INFO 21424 --- [main] com.User.CrudApiApplication              : No active profile set, falling back to 1 default profile: "default"
2022-08-04 04:57:06.182  INFO 21424 --- [main] .s.d.r.c.RepositoryConfigurationDelegate : Bootstrapping Spring Data JPA repositories in DEFAULT mode.
2022-08-04 04:57:06.325  INFO 21424 --- [main] .s.d.r.c.RepositoryConfigurationDelegate : Finished Spring Data repository scanning in 124 ms. Found 1 JPA repository interfaces.
2022-08-04 04:57:07.136  INFO 21424 --- [main] o.s.b.w.embedded.tomcat.TomcatWebServer  : Tomcat initialized with port(s): 9090 (http)
2022-08-04 04:57:07.146  INFO 21424 --- [main] o.apache.catalina.core.StandardService   : Starting service [Tomcat]
2022-08-04 04:57:07.147  INFO 21424 --- [main] org.apache.catalina.core.StandardEngine  : Starting Servlet engine: [Apache Tomcat/9.0.65]
2022-08-04 04:57:07.374  INFO 21424 --- [main] o.a.c.c.C.[Tomcat].[localhost].[/]       : Initializing Spring embedded WebApplicationContext
2022-08-04 04:57:07.374  INFO 21424 --- [main] w.s.c.ServletWebServerApplicationContext : Root WebApplicationContext: initialization completed in 2460 ms
2022-08-04 04:57:07.574  INFO 21424 --- [main] o.hibernate.jpa.internal.util.LogHelper  : HHH000204: Processing PersistenceUnitInfo [name: default]
2022-08-04 04:57:07.635  INFO 21424 --- [main] org.hibernate.Version                    : HHH000412: Hibernate ORM core version 5.6.10.Final
2022-08-04 04:57:07.832  INFO 21424 --- [main] o.hibernate.annotations.common.Version   : HCANN000001: Hibernate Commons Annotations {5.1.2.Final}
2022-08-04 04:57:07.949  INFO 21424 --- [main] com.zaxxer.hikari.HikariDataSource       : HikariPool-1 - Starting...
2022-08-04 04:57:08.357  INFO 21424 --- [main] com.zaxxer.hikari.HikariDataSource       : HikariPool-1 - Start completed.
2022-08-04 04:57:08.394  INFO 21424 --- [main] org.hibernate.dialect.Dialect            : HHH000400: Using dialect: org.hibernate.dialect.MySQL8Dialect
2022-08-04 04:57:09.192  INFO 21424 --- [main] o.h.e.t.j.p.i.JtaPlatformInitiator       : HHH000490: Using JtaPlatform implementation: [org.hibernate.engine.transaction.jta.platform.internal.NoJtaPlatform]
2022-08-04 04:57:09.218  INFO 21424 --- [main] j.LocalContainerEntityManagerFactoryBean : Initialized JPA EntityManagerFactory for persistence unit 'default'
2022-08-04 04:57:10.094  WARN 21424 --- [main] JpaBaseConfiguration$JpaWebConfiguration : spring.jpa.open-in-view is enabled by default. Therefore, database queries may be performed during view rendering. Explicitly configure spring.jpa.open-in-view to disable this warning
2022-08-04 04:57:10.420  INFO 21424 --- [main] pertySourcedRequestMappingHandlerMapping : Mapped URL path [/v2/api-docs] onto method [springfox.documentation.swagger2.web.Swagger2Controller#getDocumentation(String, HttpServletRequest)]
2022-08-04 04:57:11.832  INFO 21424 --- [main] o.s.b.w.embedded.tomcat.TomcatWebServer  : Tomcat started on port(s): 9090 (http) with context path ''
2022-08-04 04:57:11.834  INFO 21424 --- [main] d.s.w.p.DocumentationPluginsBootstrapper : Context refreshed
2022-08-04 04:57:11.858  INFO 21424 --- [main] d.s.w.p.DocumentationPluginsBootstrapper : Found 1 custom documentation plugin(s)
2022-08-04 04:57:11.890  INFO 21424 --- [main] s.d.s.w.s.ApiListingReferenceScanner     : Scanning for api listing references
2022-08-04 04:57:12.102  INFO 21424 --- [main] .d.s.w.r.o.CachingOperationNameGenerator : Generating unique operation named: openapiJsonUsingGET_1
2022-08-04 04:57:12.156  INFO 21424 --- [main] com.User.CrudApiApplication              : Started CrudApiApplication in 7.875 seconds (JVM running for 17.349)
2022-08-04 07:23:57.047  INFO 21424 --- [RMI TCP Connection(156)-127.0.0.1] inMXBeanRegistrar$SpringApplicationAdmin : Application shutdown requested.
2022-08-04 07:23:57.137  INFO 21424 --- [RMI TCP Connection(156)-127.0.0.1] j.LocalContainerEntityManagerFactoryBean : Closing JPA EntityManagerFactory for persistence unit 'default'
2022-08-04 07:23:57.147  INFO 21424 --- [RMI TCP Connection(156)-127.0.0.1] com.zaxxer.hikari.HikariDataSource       : HikariPool-1 - Shutdown initiated...
2022-08-04 07:23:57.153  INFO 21424 --- [RMI TCP Connection(156)-127.0.0.1] com.zaxxer.hikari.HikariDataSource       : HikariPool-1 - Shutdown completed.
2022-08-04 10:55:30.770  INFO 16928 --- [main] com.User.Controller.UserControllerTest   : Starting UserControllerTest using Java 1.8.0_77 on KAPR-HYD-00 with PID 16928 (started by kamal.prasad in C:\Users\kamal.prasad\Desktop\CrudApi)
2022-08-04 10:55:30.772  INFO 16928 --- [main] com.User.Controller.UserControllerTest   : No active profile set, falling back to 1 default profile: "default"
2022-08-04 10:55:33.057  INFO 16928 --- [main] .s.d.r.c.RepositoryConfigurationDelegate : Bootstrapping Spring Data JPA repositories in DEFAULT mode.
2022-08-04 10:55:33.172  INFO 16928 --- [main] .s.d.r.c.RepositoryConfigurationDelegate : Finished Spring Data repository scanning in 87 ms. Found 1 JPA repository interfaces.
2022-08-04 10:55:34.473  INFO 16928 --- [main] o.hibernate.jpa.internal.util.LogHelper  : HHH000204: Processing PersistenceUnitInfo [name: default]
2022-08-04 10:55:34.750  INFO 16928 --- [main] org.hibernate.Version                    : HHH000412: Hibernate ORM core version 5.6.10.Final
2022-08-04 10:55:35.718  INFO 16928 --- [main] o.hibernate.annotations.common.Version   : HCANN000001: Hibernate Commons Annotations {5.1.2.Final}
2022-08-04 10:55:41.781  INFO 16928 --- [main] com.zaxxer.hikari.HikariDataSource       : HikariPool-1 - Starting...
2022-08-04 10:55:42.837  INFO 16928 --- [main] com.zaxxer.hikari.HikariDataSource       : HikariPool-1 - Start completed.
2022-08-04 10:55:43.105  INFO 16928 --- [main] org.hibernate.dialect.Dialect            : HHH000400: Using dialect: org.hibernate.dialect.MySQL8Dialect
2022-08-04 10:55:45.269  INFO 16928 --- [main] o.h.e.t.j.p.i.JtaPlatformInitiator       : HHH000490: Using JtaPlatform implementation: [org.hibernate.engine.transaction.jta.platform.internal.NoJtaPlatform]
2022-08-04 10:55:45.299  INFO 16928 --- [main] j.LocalContainerEntityManagerFactoryBean : Initialized JPA EntityManagerFactory for persistence unit 'default'
2022-08-04 10:55:47.594  WARN 16928 --- [main] JpaBaseConfiguration$JpaWebConfiguration : spring.jpa.open-in-view is enabled by default. Therefore, database queries may be performed during view rendering. Explicitly configure spring.jpa.open-in-view to disable this warning
2022-08-04 10:55:48.664  INFO 16928 --- [main] pertySourcedRequestMappingHandlerMapping : Mapped URL path [/v2/api-docs] onto method [springfox.documentation.swagger2.web.Swagger2Controller#getDocumentation(String, HttpServletRequest)]
2022-08-04 10:55:52.829  INFO 16928 --- [main] o.s.b.t.m.w.SpringBootMockServletContext : Initializing Spring TestDispatcherServlet ''
2022-08-04 10:55:52.830  INFO 16928 --- [main] o.s.t.web.servlet.TestDispatcherServlet  : Initializing Servlet ''
2022-08-04 10:55:52.833  INFO 16928 --- [main] o.s.t.web.servlet.TestDispatcherServlet  : Completed initialization in 3 ms
2022-08-04 10:55:52.865  INFO 16928 --- [main] d.s.w.p.DocumentationPluginsBootstrapper : Context refreshed
2022-08-04 10:55:52.940  INFO 16928 --- [main] d.s.w.p.DocumentationPluginsBootstrapper : Found 1 custom documentation plugin(s)
2022-08-04 10:55:53.022  INFO 16928 --- [main] s.d.s.w.s.ApiListingReferenceScanner     : Scanning for api listing references
2022-08-04 10:55:53.503  INFO 16928 --- [main] .d.s.w.r.o.CachingOperationNameGenerator : Generating unique operation named: openapiJsonUsingGET_1
2022-08-04 10:55:53.607  INFO 16928 --- [main] com.User.Controller.UserControllerTest   : Started UserControllerTest in 23.403 seconds (JVM running for 26.235)
2022-08-04 10:55:54.686  INFO 16928 --- [main] com.User.Controller.UserController       : User creation is started
2022-08-04 10:55:54.844  INFO 16928 --- [main] com.User.Controller.UserController       : User SuccessFully Created
2022-08-04 10:55:54.961  INFO 16928 --- [main] .b.t.c.SpringBootTestContextBootstrapper : Neither @ContextConfiguration nor @ContextHierarchy found for test class [com.User.CrudApiApplicationTests], using SpringBootContextLoader
2022-08-04 10:55:54.964  INFO 16928 --- [main] o.s.t.c.support.AbstractContextLoader    : Could not detect default resource locations for test class [com.User.CrudApiApplicationTests]: no resource found for suffixes {-context.xml, Context.groovy}.
2022-08-04 10:55:54.965  INFO 16928 --- [main] t.c.s.AnnotationConfigContextLoaderUtils : Could not detect default configuration classes for test class [com.User.CrudApiApplicationTests]: CrudApiApplicationTests does not declare any static, non-private, non-final, nested classes annotated with @Configuration.
2022-08-04 10:55:54.999  INFO 16928 --- [main] .b.t.c.SpringBootTestContextBootstrapper : Found @SpringBootConfiguration com.User.CrudApiApplication for test class com.User.CrudApiApplicationTests
2022-08-04 10:55:55.057  INFO 16928 --- [main] .b.t.c.SpringBootTestContextBootstrapper : Loaded default TestExecutionListener class names from location [META-INF/spring.factories]: [org.springframework.boot.test.mock.mockito.MockitoTestExecutionListener, org.springframework.boot.test.mock.mockito.ResetMocksTestExecutionListener, org.springframework.boot.test.autoconfigure.restdocs.RestDocsTestExecutionListener, org.springframework.boot.test.autoconfigure.web.client.MockRestServiceServerResetTestExecutionListener, org.springframework.boot.test.autoconfigure.web.servlet.MockMvcPrintOnlyOnFailureTestExecutionListener, org.springframework.boot.test.autoconfigure.web.servlet.WebDriverTestExecutionListener, org.springframework.boot.test.autoconfigure.webservices.client.MockWebServiceServerTestExecutionListener, org.springframework.test.context.web.ServletTestExecutionListener, org.springframework.test.context.support.DirtiesContextBeforeModesTestExecutionListener, org.springframework.test.context.event.ApplicationEventsTestExecutionListener, org.springframework.test.context.support.DependencyInjectionTestExecutionListener, org.springframework.test.context.support.DirtiesContextTestExecutionListener, org.springframework.test.context.transaction.TransactionalTestExecutionListener, org.springframework.test.context.jdbc.SqlScriptsTestExecutionListener, org.springframework.test.context.event.EventPublishingTestExecutionListener]
2022-08-04 10:55:55.059  INFO 16928 --- [main] .b.t.c.SpringBootTestContextBootstrapper : Using TestExecutionListeners: [org.springframework.test.context.web.ServletTestExecutionListener@183a84f4, org.springframework.test.context.support.DirtiesContextBeforeModesTestExecutionListener@2b9bbaa8, org.springframework.test.context.event.ApplicationEventsTestExecutionListener@11771fd6, org.springframework.boot.test.mock.mockito.MockitoTestExecutionListener@1c512bb, org.springframework.boot.test.autoconfigure.SpringBootDependencyInjectionTestExecutionListener@4d142b53, org.springframework.test.context.support.DirtiesContextTestExecutionListener@3bac86a3, org.springframework.test.context.transaction.TransactionalTestExecutionListener@128ca7af, org.springframework.test.context.jdbc.SqlScriptsTestExecutionListener@3bf52f8f, org.springframework.test.context.event.EventPublishingTestExecutionListener@57d7c511, org.springframework.boot.test.mock.mockito.ResetMocksTestExecutionListener@811d8d6, org.springframework.boot.test.autoconfigure.restdocs.RestDocsTestExecutionListener@7f57a7a4, org.springframework.boot.test.autoconfigure.web.client.MockRestServiceServerResetTestExecutionListener@6dcc7696, org.springframework.boot.test.autoconfigure.web.servlet.MockMvcPrintOnlyOnFailureTestExecutionListener@45ac973, org.springframework.boot.test.autoconfigure.web.servlet.WebDriverTestExecutionListener@28b7646, org.springframework.boot.test.autoconfigure.webservices.client.MockWebServiceServerTestExecutionListener@40239b34]
2022-08-04 10:55:55.152  INFO 16928 --- [main] com.User.CrudApiApplication              : Starting CrudApiApplication using Java 1.8.0_77 on KAPR-HYD-00 with PID 16928 (started by kamal.prasad in C:\Users\kamal.prasad\Desktop\CrudApi)
2022-08-04 10:55:55.152  INFO 16928 --- [main] com.User.CrudApiApplication              : No active profile set, falling back to 1 default profile: "default"
2022-08-04 10:55:56.056  INFO 16928 --- [main] .s.d.r.c.RepositoryConfigurationDelegate : Bootstrapping Spring Data JPA repositories in DEFAULT mode.
2022-08-04 10:55:56.087  INFO 16928 --- [main] .s.d.r.c.RepositoryConfigurationDelegate : Finished Spring Data repository scanning in 30 ms. Found 1 JPA repository interfaces.
2022-08-04 10:55:56.657  INFO 16928 --- [main] o.s.b.w.embedded.tomcat.TomcatWebServer  : Tomcat initialized with port(s): 9090 (http)
2022-08-04 10:55:56.690  INFO 16928 --- [main] o.apache.catalina.core.StandardService   : Starting service [Tomcat]
2022-08-04 10:55:56.692  INFO 16928 --- [main] org.apache.catalina.core.StandardEngine  : Starting Servlet engine: [Apache Tomcat/9.0.65]
2022-08-04 10:55:57.393  INFO 16928 --- [main] o.a.c.c.C.[Tomcat].[localhost].[/]       : Initializing Spring embedded WebApplicationContext
2022-08-04 10:55:57.395  INFO 16928 --- [main] w.s.c.ServletWebServerApplicationContext : Root WebApplicationContext: initialization completed in 2238 ms
2022-08-04 10:55:57.587  INFO 16928 --- [main] o.hibernate.jpa.internal.util.LogHelper  : HHH000204: Processing PersistenceUnitInfo [name: default]
2022-08-04 10:55:57.595  INFO 16928 --- [main] com.zaxxer.hikari.HikariDataSource       : HikariPool-2 - Starting...
2022-08-04 10:55:57.619  INFO 16928 --- [main] com.zaxxer.hikari.HikariDataSource       : HikariPool-2 - Start completed.
2022-08-04 10:55:57.619  INFO 16928 --- [main] org.hibernate.dialect.Dialect            : HHH000400: Using dialect: org.hibernate.dialect.MySQL8Dialect
2022-08-04 10:55:57.676  INFO 16928 --- [main] o.h.e.t.j.p.i.JtaPlatformInitiator       : HHH000490: Using JtaPlatform implementation: [org.hibernate.engine.transaction.jta.platform.internal.NoJtaPlatform]
2022-08-04 10:55:57.677  INFO 16928 --- [main] j.LocalContainerEntityManagerFactoryBean : Initialized JPA EntityManagerFactory for persistence unit 'default'
2022-08-04 10:55:58.034  WARN 16928 --- [main] JpaBaseConfiguration$JpaWebConfiguration : spring.jpa.open-in-view is enabled by default. Therefore, database queries may be performed during view rendering. Explicitly configure spring.jpa.open-in-view to disable this warning
2022-08-04 10:55:58.109  INFO 16928 --- [main] pertySourcedRequestMappingHandlerMapping : Mapped URL path [/v2/api-docs] onto method [springfox.documentation.swagger2.web.Swagger2Controller#getDocumentation(String, HttpServletRequest)]
2022-08-04 10:55:59.649  INFO 16928 --- [main] o.s.b.w.embedded.tomcat.TomcatWebServer  : Tomcat started on port(s): 9090 (http) with context path ''
2022-08-04 10:55:59.652  INFO 16928 --- [main] d.s.w.p.DocumentationPluginsBootstrapper : Context refreshed
2022-08-04 10:55:59.653  INFO 16928 --- [main] d.s.w.p.DocumentationPluginsBootstrapper : Found 1 custom documentation plugin(s)
2022-08-04 10:55:59.674  INFO 16928 --- [main] s.d.s.w.s.ApiListingReferenceScanner     : Scanning for api listing references
2022-08-04 10:55:59.765  INFO 16928 --- [main] .d.s.w.r.o.CachingOperationNameGenerator : Generating unique operation named: openapiJsonUsingGET_1
2022-08-04 10:55:59.794  INFO 16928 --- [main] com.User.CrudApiApplication              : Started CrudApiApplication in 4.724 seconds (JVM running for 32.423)
2022-08-04 10:55:59.851  INFO 16928 --- [SpringApplicationShutdownHook] j.LocalContainerEntityManagerFactoryBean : Closing JPA EntityManagerFactory for persistence unit 'default'
2022-08-04 10:55:59.854  INFO 16928 --- [SpringApplicationShutdownHook] com.zaxxer.hikari.HikariDataSource       : HikariPool-1 - Shutdown initiated...
2022-08-04 10:55:59.876  INFO 16928 --- [SpringApplicationShutdownHook] com.zaxxer.hikari.HikariDataSource       : HikariPool-1 - Shutdown completed.
2022-08-04 10:56:00.293  INFO 16928 --- [SpringApplicationShutdownHook] j.LocalContainerEntityManagerFactoryBean : Closing JPA EntityManagerFactory for persistence unit 'default'
2022-08-04 10:56:00.294  INFO 16928 --- [SpringApplicationShutdownHook] com.zaxxer.hikari.HikariDataSource       : HikariPool-2 - Shutdown initiated...
2022-08-04 10:56:00.314  INFO 16928 --- [SpringApplicationShutdownHook] com.zaxxer.hikari.HikariDataSource       : HikariPool-2 - Shutdown completed.
2022-08-04 12:03:08.197  INFO 20108 --- [main] com.User.Controller.UserControllerTest   : Starting UserControllerTest using Java 17.0.1 on KAPR-HYD-00 with PID 20108 (started by kamal.prasad in C:\Users\kamal.prasad\Desktop\CrudApi)
2022-08-04 12:03:08.199  INFO 20108 --- [main] com.User.Controller.UserControllerTest   : No active profile set, falling back to 1 default profile: "default"
2022-08-04 12:03:10.113  INFO 20108 --- [main] .s.d.r.c.RepositoryConfigurationDelegate : Bootstrapping Spring Data JPA repositories in DEFAULT mode.
2022-08-04 12:03:10.226  INFO 20108 --- [main] .s.d.r.c.RepositoryConfigurationDelegate : Finished Spring Data repository scanning in 96 ms. Found 1 JPA repository interfaces.
2022-08-04 12:03:11.517  INFO 20108 --- [main] o.hibernate.jpa.internal.util.LogHelper  : HHH000204: Processing PersistenceUnitInfo [name: default]
2022-08-04 12:03:11.623  INFO 20108 --- [main] org.hibernate.Version                    : HHH000412: Hibernate ORM core version 5.6.10.Final
2022-08-04 12:03:11.933  INFO 20108 --- [main] o.hibernate.annotations.common.Version   : HCANN000001: Hibernate Commons Annotations {5.1.2.Final}
2022-08-04 12:03:20.525  INFO 20108 --- [main] com.zaxxer.hikari.HikariDataSource       : HikariPool-1 - Starting...
2022-08-04 12:03:21.213  INFO 20108 --- [main] com.zaxxer.hikari.HikariDataSource       : HikariPool-1 - Start completed.
2022-08-04 12:03:21.261  INFO 20108 --- [main] org.hibernate.dialect.Dialect            : HHH000400: Using dialect: org.hibernate.dialect.MySQL8Dialect
2022-08-04 12:03:22.266  INFO 20108 --- [main] o.h.e.t.j.p.i.JtaPlatformInitiator       : HHH000490: Using JtaPlatform implementation: [org.hibernate.engine.transaction.jta.platform.internal.NoJtaPlatform]
2022-08-04 12:03:22.290  INFO 20108 --- [main] j.LocalContainerEntityManagerFactoryBean : Initialized JPA EntityManagerFactory for persistence unit 'default'
2022-08-04 12:03:23.498  WARN 20108 --- [main] JpaBaseConfiguration$JpaWebConfiguration : spring.jpa.open-in-view is enabled by default. Therefore, database queries may be performed during view rendering. Explicitly configure spring.jpa.open-in-view to disable this warning
2022-08-04 12:03:24.114  INFO 20108 --- [main] pertySourcedRequestMappingHandlerMapping : Mapped URL path [/v2/api-docs] onto method [springfox.documentation.swagger2.web.Swagger2Controller#getDocumentation(String, HttpServletRequest)]
2022-08-04 12:03:26.393  INFO 20108 --- [main] o.s.b.t.m.w.SpringBootMockServletContext : Initializing Spring TestDispatcherServlet ''
2022-08-04 12:03:26.393  INFO 20108 --- [main] o.s.t.web.servlet.TestDispatcherServlet  : Initializing Servlet ''
2022-08-04 12:03:26.397  INFO 20108 --- [main] o.s.t.web.servlet.TestDispatcherServlet  : Completed initialization in 3 ms
2022-08-04 12:03:26.426  INFO 20108 --- [main] d.s.w.p.DocumentationPluginsBootstrapper : Context refreshed
2022-08-04 12:03:26.474  INFO 20108 --- [main] d.s.w.p.DocumentationPluginsBootstrapper : Found 1 custom documentation plugin(s)
2022-08-04 12:03:26.539  INFO 20108 --- [main] s.d.s.w.s.ApiListingReferenceScanner     : Scanning for api listing references
2022-08-04 12:03:26.872  INFO 20108 --- [main] .d.s.w.r.o.CachingOperationNameGenerator : Generating unique operation named: openapiJsonUsingGET_1
2022-08-04 12:03:26.954  INFO 20108 --- [main] com.User.Controller.UserControllerTest   : Started UserControllerTest in 19.373 seconds (JVM running for 22.648)
2022-08-04 12:03:27.919  INFO 20108 --- [main] com.User.Controller.UserController       : User creation is started
2022-08-04 12:03:27.981  INFO 20108 --- [main] com.User.Controller.UserController       : User SuccessFully Created
2022-08-04 12:03:28.056  INFO 20108 --- [main] .b.t.c.SpringBootTestContextBootstrapper : Neither @ContextConfiguration nor @ContextHierarchy found for test class [com.User.CrudApiApplicationTests], using SpringBootContextLoader
2022-08-04 12:03:28.057  INFO 20108 --- [main] o.s.t.c.support.AbstractContextLoader    : Could not detect default resource locations for test class [com.User.CrudApiApplicationTests]: no resource found for suffixes {-context.xml, Context.groovy}.
2022-08-04 12:03:28.058  INFO 20108 --- [main] t.c.s.AnnotationConfigContextLoaderUtils : Could not detect default configuration classes for test class [com.User.CrudApiApplicationTests]: CrudApiApplicationTests does not declare any static, non-private, non-final, nested classes annotated with @Configuration.
2022-08-04 12:03:28.073  INFO 20108 --- [main] .b.t.c.SpringBootTestContextBootstrapper : Found @SpringBootConfiguration com.User.CrudApiApplication for test class com.User.CrudApiApplicationTests
2022-08-04 12:03:28.076  INFO 20108 --- [main] .b.t.c.SpringBootTestContextBootstrapper : Loaded default TestExecutionListener class names from location [META-INF/spring.factories]: [org.springframework.boot.test.mock.mockito.MockitoTestExecutionListener, org.springframework.boot.test.mock.mockito.ResetMocksTestExecutionListener, org.springframework.boot.test.autoconfigure.restdocs.RestDocsTestExecutionListener, org.springframework.boot.test.autoconfigure.web.client.MockRestServiceServerResetTestExecutionListener, org.springframework.boot.test.autoconfigure.web.servlet.MockMvcPrintOnlyOnFailureTestExecutionListener, org.springframework.boot.test.autoconfigure.web.servlet.WebDriverTestExecutionListener, org.springframework.boot.test.autoconfigure.webservices.client.MockWebServiceServerTestExecutionListener, org.springframework.test.context.web.ServletTestExecutionListener, org.springframework.test.context.support.DirtiesContextBeforeModesTestExecutionListener, org.springframework.test.context.event.ApplicationEventsTestExecutionListener, org.springframework.test.context.support.DependencyInjectionTestExecutionListener, org.springframework.test.context.support.DirtiesContextTestExecutionListener, org.springframework.test.context.transaction.TransactionalTestExecutionListener, org.springframework.test.context.jdbc.SqlScriptsTestExecutionListener, org.springframework.test.context.event.EventPublishingTestExecutionListener]
2022-08-04 12:03:28.078  INFO 20108 --- [main] .b.t.c.SpringBootTestContextBootstrapper : Using TestExecutionListeners: [org.springframework.test.context.web.ServletTestExecutionListener@340ef431, org.springframework.test.context.support.DirtiesContextBeforeModesTestExecutionListener@50d02417, org.springframework.test.context.event.ApplicationEventsTestExecutionListener@53425450, org.springframework.boot.test.mock.mockito.MockitoTestExecutionListener@314e240c, org.springframework.boot.test.autoconfigure.SpringBootDependencyInjectionTestExecutionListener@7222e168, org.springframework.test.context.support.DirtiesContextTestExecutionListener@230383a7, org.springframework.test.context.transaction.TransactionalTestExecutionListener@6222a343, org.springframework.test.context.jdbc.SqlScriptsTestExecutionListener@228c854f, org.springframework.test.context.event.EventPublishingTestExecutionListener@47c019d7, org.springframework.boot.test.mock.mockito.ResetMocksTestExecutionListener@7861a433, org.springframework.boot.test.autoconfigure.restdocs.RestDocsTestExecutionListener@f2e28c7, org.springframework.boot.test.autoconfigure.web.client.MockRestServiceServerResetTestExecutionListener@494e7290, org.springframework.boot.test.autoconfigure.web.servlet.MockMvcPrintOnlyOnFailureTestExecutionListener@e87c4cf, org.springframework.boot.test.autoconfigure.web.servlet.WebDriverTestExecutionListener@7bb2b910, org.springframework.boot.test.autoconfigure.webservices.client.MockWebServiceServerTestExecutionListener@5a4ceb1]
2022-08-04 12:03:28.153  INFO 20108 --- [main] com.User.CrudApiApplication              : Starting CrudApiApplication using Java 17.0.1 on KAPR-HYD-00 with PID 20108 (started by kamal.prasad in C:\Users\kamal.prasad\Desktop\CrudApi)
2022-08-04 12:03:28.153  INFO 20108 --- [main] com.User.CrudApiApplication              : No active profile set, falling back to 1 default profile: "default"
2022-08-04 12:03:28.664  INFO 20108 --- [main] .s.d.r.c.RepositoryConfigurationDelegate : Bootstrapping Spring Data JPA repositories in DEFAULT mode.
2022-08-04 12:03:28.680  INFO 20108 --- [main] .s.d.r.c.RepositoryConfigurationDelegate : Finished Spring Data repository scanning in 15 ms. Found 1 JPA repository interfaces.
2022-08-04 12:03:29.028  INFO 20108 --- [main] o.s.b.w.embedded.tomcat.TomcatWebServer  : Tomcat initialized with port(s): 9090 (http)
2022-08-04 12:03:29.051  INFO 20108 --- [main] o.apache.catalina.core.StandardService   : Starting service [Tomcat]
2022-08-04 12:03:29.053  INFO 20108 --- [main] org.apache.catalina.core.StandardEngine  : Starting Servlet engine: [Apache Tomcat/9.0.65]
2022-08-04 12:03:29.489  INFO 20108 --- [main] o.a.c.c.C.[Tomcat].[localhost].[/]       : Initializing Spring embedded WebApplicationContext
2022-08-04 12:03:29.490  INFO 20108 --- [main] w.s.c.ServletWebServerApplicationContext : Root WebApplicationContext: initialization completed in 1332 ms
2022-08-04 12:03:29.615  INFO 20108 --- [main] o.hibernate.jpa.internal.util.LogHelper  : HHH000204: Processing PersistenceUnitInfo [name: default]
2022-08-04 12:03:29.627  INFO 20108 --- [main] com.zaxxer.hikari.HikariDataSource       : HikariPool-2 - Starting...
2022-08-04 12:03:29.667  INFO 20108 --- [main] com.zaxxer.hikari.HikariDataSource       : HikariPool-2 - Start completed.
2022-08-04 12:03:29.668  INFO 20108 --- [main] org.hibernate.dialect.Dialect            : HHH000400: Using dialect: org.hibernate.dialect.MySQL8Dialect
2022-08-04 12:03:29.735  INFO 20108 --- [main] o.h.e.t.j.p.i.JtaPlatformInitiator       : HHH000490: Using JtaPlatform implementation: [org.hibernate.engine.transaction.jta.platform.internal.NoJtaPlatform]
2022-08-04 12:03:29.736  INFO 20108 --- [main] j.LocalContainerEntityManagerFactoryBean : Initialized JPA EntityManagerFactory for persistence unit 'default'
2022-08-04 12:03:30.015  WARN 20108 --- [main] JpaBaseConfiguration$JpaWebConfiguration : spring.jpa.open-in-view is enabled by default. Therefore, database queries may be performed during view rendering. Explicitly configure spring.jpa.open-in-view to disable this warning
2022-08-04 12:03:30.096  INFO 20108 --- [main] pertySourcedRequestMappingHandlerMapping : Mapped URL path [/v2/api-docs] onto method [springfox.documentation.swagger2.web.Swagger2Controller#getDocumentation(String, HttpServletRequest)]
2022-08-04 12:03:31.071  INFO 20108 --- [main] o.s.b.w.embedded.tomcat.TomcatWebServer  : Tomcat started on port(s): 9090 (http) with context path ''
2022-08-04 12:03:31.072  INFO 20108 --- [main] d.s.w.p.DocumentationPluginsBootstrapper : Context refreshed
2022-08-04 12:03:31.074  INFO 20108 --- [main] d.s.w.p.DocumentationPluginsBootstrapper : Found 1 custom documentation plugin(s)
2022-08-04 12:03:31.081  INFO 20108 --- [main] s.d.s.w.s.ApiListingReferenceScanner     : Scanning for api listing references
2022-08-04 12:03:31.184  INFO 20108 --- [main] .d.s.w.r.o.CachingOperationNameGenerator : Generating unique operation named: openapiJsonUsingGET_1
2022-08-04 12:03:31.233  INFO 20108 --- [main] com.User.CrudApiApplication              : Started CrudApiApplication in 3.144 seconds (JVM running for 26.927)
2022-08-04 12:03:31.282  INFO 20108 --- [SpringApplicationShutdownHook] j.LocalContainerEntityManagerFactoryBean : Closing JPA EntityManagerFactory for persistence unit 'default'
2022-08-04 12:03:31.285  INFO 20108 --- [SpringApplicationShutdownHook] com.zaxxer.hikari.HikariDataSource       : HikariPool-1 - Shutdown initiated...
2022-08-04 12:03:31.305  INFO 20108 --- [SpringApplicationShutdownHook] com.zaxxer.hikari.HikariDataSource       : HikariPool-1 - Shutdown completed.
2022-08-04 12:03:31.349  INFO 20108 --- [SpringApplicationShutdownHook] j.LocalContainerEntityManagerFactoryBean : Closing JPA EntityManagerFactory for persistence unit 'default'
2022-08-04 12:03:31.351  INFO 20108 --- [SpringApplicationShutdownHook] com.zaxxer.hikari.HikariDataSource       : HikariPool-2 - Shutdown initiated...
2022-08-04 12:03:31.367  INFO 20108 --- [SpringApplicationShutdownHook] com.zaxxer.hikari.HikariDataSource       : HikariPool-2 - Shutdown completed.
